2011/04/17 15:36:42 [error] [system.db.CDbCommand] CDbCommand::fetchAll() failed: SQLSTATE[42S02]: Base table or view not found: 1146 Table 'raise.company' doesn't exist. The SQL statement executed was: SHOW COLUMNS FROM `company`.
in /home/alex/projects/raise/webapp/index.php (13)
2011/04/17 15:36:57 [error] [system.db.CDbCommand] CDbCommand::fetchAll() failed: SQLSTATE[42S02]: Base table or view not found: 1146 Table 'raise.company' doesn't exist. The SQL statement executed was: SHOW COLUMNS FROM `company`.
in /home/alex/projects/raise/webapp/index.php (13)
2011/04/17 15:41:24 [error] [system.db.CDbCommand] CDbCommand::fetchAll() failed: SQLSTATE[42S02]: Base table or view not found: 1146 Table 'raise.company' doesn't exist. The SQL statement executed was: SHOW COLUMNS FROM `company`.
in /home/alex/projects/raise/webapp/index.php (13)
2011/04/22 10:48:00 [error] [exception.CHttpException.404] exception 'CHttpException' with message 'The system is unable to find the requested action "company".' in /home/alex/projects/yii/framework/web/CController.php:477
Stack trace:
#0 /home/alex/projects/yii/framework/web/CController.php(262): CController->missingAction('company')
#1 /home/alex/projects/yii/framework/web/CWebApplication.php(328): CController->run('company')
#2 /home/alex/projects/yii/framework/web/CWebApplication.php(121): CWebApplication->runController('site/company')
#3 /home/alex/projects/yii/framework/base/CApplication.php(155): CWebApplication->processRequest()
#4 /home/alex/projects/raise/webapp/index.php(13): CApplication->run()
#5 {main} REQUEST_URI=/projects/raise/webapp/index.php?r=site/company
2011/04/22 10:48:32 [error] [exception.CHttpException.404] exception 'CHttpException' with message 'The system is unable to find the requested action "company".' in /home/alex/projects/yii/framework/web/CController.php:477
Stack trace:
#0 /home/alex/projects/yii/framework/web/CController.php(262): CController->missingAction('company')
#1 /home/alex/projects/yii/framework/web/CWebApplication.php(328): CController->run('company')
#2 /home/alex/projects/yii/framework/web/CWebApplication.php(121): CWebApplication->runController('company/company')
#3 /home/alex/projects/yii/framework/base/CApplication.php(155): CWebApplication->processRequest()
#4 /home/alex/projects/raise/webapp/index.php(13): CApplication->run()
#5 {main} REQUEST_URI=/projects/raise/webapp/index.php?r=company/company
2011/04/22 10:48:34 [error] [exception.CHttpException.404] exception 'CHttpException' with message 'The system is unable to find the requested action "company".' in /home/alex/projects/yii/framework/web/CController.php:477
Stack trace:
#0 /home/alex/projects/yii/framework/web/CController.php(262): CController->missingAction('company')
#1 /home/alex/projects/yii/framework/web/CWebApplication.php(328): CController->run('company')
#2 /home/alex/projects/yii/framework/web/CWebApplication.php(121): CWebApplication->runController('site/company')
#3 /home/alex/projects/yii/framework/base/CApplication.php(155): CWebApplication->processRequest()
#4 /home/alex/projects/raise/webapp/index.php(13): CApplication->run()
#5 {main} REQUEST_URI=/projects/raise/webapp/index.php?r=site/company
2011/04/22 11:31:36 [error] [exception.CHttpException.404] exception 'CHttpException' with message 'Unable to resolve the request "locatiopn".' in /home/alex/projects/yii/framework/web/CWebApplication.php:332
Stack trace:
#0 /home/alex/projects/yii/framework/web/CWebApplication.php(121): CWebApplication->runController('locatiopn')
#1 /home/alex/projects/yii/framework/base/CApplication.php(155): CWebApplication->processRequest()
#2 /home/alex/projects/raise/webapp/index.php(13): CApplication->run()
#3 {main} REQUEST_URI=/projects/raise/webapp/index.php?r=locatiopn
2011/04/22 13:02:18 [error] [exception.CException] exception 'CException' with message 'Property "Company.company_location_aaa" is not defined.' in /home/alex/projects/yii/framework/base/CComponent.php:131
Stack trace:
#0 /home/alex/projects/yii/framework/db/ar/CActiveRecord.php(128): CComponent->__get('company_locatio...')
#1 /home/alex/projects/yii/framework/web/helpers/CHtml.php(1697): CActiveRecord->__get('company_locatio...')
#2 /home/alex/projects/yii/framework/zii/widgets/CDetailView.php(208): CHtml::value(Object(Company), 'company_locatio...')
#3 /home/alex/projects/yii/framework/web/CBaseController.php(166): CDetailView->run()
#4 /home/alex/projects/raise/webapp/protected/views/company/view.php(28): CBaseController->widget('zii.widgets.CDe...', Array)
#5 /home/alex/projects/yii/framework/web/CBaseController.php(119): require('/home/alex/proj...')
#6 /home/alex/projects/yii/framework/web/CBaseController.php(88): CBaseController->renderInternal('/home/alex/proj...', Array, true)
#7 /home/alex/projects/yii/framework/web/CController.php(866): CBaseController->renderFile('/home/alex/proj...', Array, true)
#8 /home/alex/projects/yii/framework/web/CController.php(779): CController->renderPartial('view', Array, true)
#9 /home/alex/projects/raise/webapp/protected/controllers/CompanyController.php(55): CController->render('view', Array)
#10 [internal function]: CompanyController->actionView('1')
#11 /home/alex/projects/yii/framework/web/actions/CAction.php(104): ReflectionMethod->invokeArgs(Object(CompanyController), Array)
#12 /home/alex/projects/yii/framework/web/actions/CInlineAction.php(48): CAction->runWithParamsInternal(Object(CompanyController), Object(ReflectionMethod), Array)
#13 /home/alex/projects/yii/framework/web/CController.php(300): CInlineAction->runWithParams(Array)
#14 /home/alex/projects/yii/framework/web/filters/CFilterChain.php(133): CController->runAction(Object(CInlineAction))
#15 /home/alex/projects/yii/framework/web/filters/CFilter.php(41): CFilterChain->run()
#16 /home/alex/projects/yii/framework/web/CController.php(1122): CFilter->filter(Object(CFilterChain))
#17 /home/alex/projects/yii/framework/web/filters/CInlineFilter.php(59): CController->filterAccessControl(Object(CFilterChain))
#18 /home/alex/projects/yii/framework/web/filters/CFilterChain.php(130): CInlineFilter->filter(Object(CFilterChain))
#19 /home/alex/projects/yii/framework/web/CController.php(283): CFilterChain->run()
#20 /home/alex/projects/yii/framework/web/CController.php(257): CController->runActionWithFilters(Object(CInlineAction), Array)
#21 /home/alex/projects/yii/framework/web/CWebApplication.php(328): CController->run('view')
#22 /home/alex/projects/yii/framework/web/CWebApplication.php(121): CWebApplication->runController('company/view')
#23 /home/alex/projects/yii/framework/base/CApplication.php(155): CWebApplication->processRequest()
#24 /home/alex/projects/raise/webapp/index.php(13): CApplication->run()
#25 {main} REQUEST_URI=/projects/raise/webapp/index.php?r=company/view&id=1
2011/04/22 14:07:09 [error] [exception.CHttpException.404] exception 'CHttpException' with message 'The requested company does not exists' in /home/alex/projects/raise/webapp/protected/controllers/LocationController.php:206
Stack trace:
#0 /home/alex/projects/raise/webapp/protected/controllers/LocationController.php(193): LocationController->loadCompany(NULL)
#1 /home/alex/projects/yii/framework/web/filters/CInlineFilter.php(59): LocationController->filterCompanyContext(Object(CFilterChain))
#2 /home/alex/projects/yii/framework/web/filters/CFilterChain.php(130): CInlineFilter->filter(Object(CFilterChain))
#3 /home/alex/projects/yii/framework/web/filters/CFilter.php(41): CFilterChain->run()
#4 /home/alex/projects/yii/framework/web/CController.php(1122): CFilter->filter(Object(CFilterChain))
#5 /home/alex/projects/yii/framework/web/filters/CInlineFilter.php(59): CController->filterAccessControl(Object(CFilterChain))
#6 /home/alex/projects/yii/framework/web/filters/CFilterChain.php(130): CInlineFilter->filter(Object(CFilterChain))
#7 /home/alex/projects/yii/framework/web/CController.php(283): CFilterChain->run()
#8 /home/alex/projects/yii/framework/web/CController.php(257): CController->runActionWithFilters(Object(CInlineAction), Array)
#9 /home/alex/projects/yii/framework/web/CWebApplication.php(328): CController->run('create')
#10 /home/alex/projects/yii/framework/web/CWebApplication.php(121): CWebApplication->runController('location/create')
#11 /home/alex/projects/yii/framework/base/CApplication.php(155): CWebApplication->processRequest()
#12 /home/alex/projects/raise/webapp/index.php(13): CApplication->run()
#13 {main} REQUEST_URI=/projects/raise/webapp/index.php?r=location/create
2011/04/22 14:07:30 [error] [exception.CException] exception 'CException' with message 'Property "LocationController._project" is not defined.' in /home/alex/projects/yii/framework/base/CComponent.php:131
Stack trace:
#0 /home/alex/projects/raise/webapp/protected/controllers/LocationController.php(210): CComponent->__get('_project')
#1 /home/alex/projects/raise/webapp/protected/controllers/LocationController.php(193): LocationController->loadCompany('3')
#2 /home/alex/projects/yii/framework/web/filters/CInlineFilter.php(59): LocationController->filterCompanyContext(Object(CFilterChain))
#3 /home/alex/projects/yii/framework/web/filters/CFilterChain.php(130): CInlineFilter->filter(Object(CFilterChain))
#4 /home/alex/projects/yii/framework/web/filters/CFilter.php(41): CFilterChain->run()
#5 /home/alex/projects/yii/framework/web/CController.php(1122): CFilter->filter(Object(CFilterChain))
#6 /home/alex/projects/yii/framework/web/filters/CInlineFilter.php(59): CController->filterAccessControl(Object(CFilterChain))
#7 /home/alex/projects/yii/framework/web/filters/CFilterChain.php(130): CInlineFilter->filter(Object(CFilterChain))
#8 /home/alex/projects/yii/framework/web/CController.php(283): CFilterChain->run()
#9 /home/alex/projects/yii/framework/web/CController.php(257): CController->runActionWithFilters(Object(CInlineAction), Array)
#10 /home/alex/projects/yii/framework/web/CWebApplication.php(328): CController->run('create')
#11 /home/alex/projects/yii/framework/web/CWebApplication.php(121): CWebApplication->runController('location/create')
#12 /home/alex/projects/yii/framework/base/CApplication.php(155): CWebApplication->processRequest()
#13 /home/alex/projects/raise/webapp/index.php(13): CApplication->run()
#14 {main} REQUEST_URI=/projects/raise/webapp/index.php?r=location/create&cid=3
2011/04/22 14:07:32 [error] [exception.CHttpException.404] exception 'CHttpException' with message 'The requested company does not exists' in /home/alex/projects/raise/webapp/protected/controllers/LocationController.php:206
Stack trace:
#0 /home/alex/projects/raise/webapp/protected/controllers/LocationController.php(193): LocationController->loadCompany(NULL)
#1 /home/alex/projects/yii/framework/web/filters/CInlineFilter.php(59): LocationController->filterCompanyContext(Object(CFilterChain))
#2 /home/alex/projects/yii/framework/web/filters/CFilterChain.php(130): CInlineFilter->filter(Object(CFilterChain))
#3 /home/alex/projects/yii/framework/web/filters/CFilter.php(41): CFilterChain->run()
#4 /home/alex/projects/yii/framework/web/CController.php(1122): CFilter->filter(Object(CFilterChain))
#5 /home/alex/projects/yii/framework/web/filters/CInlineFilter.php(59): CController->filterAccessControl(Object(CFilterChain))
#6 /home/alex/projects/yii/framework/web/filters/CFilterChain.php(130): CInlineFilter->filter(Object(CFilterChain))
#7 /home/alex/projects/yii/framework/web/CController.php(283): CFilterChain->run()
#8 /home/alex/projects/yii/framework/web/CController.php(257): CController->runActionWithFilters(Object(CInlineAction), Array)
#9 /home/alex/projects/yii/framework/web/CWebApplication.php(328): CController->run('create')
#10 /home/alex/projects/yii/framework/web/CWebApplication.php(121): CWebApplication->runController('location/create')
#11 /home/alex/projects/yii/framework/base/CApplication.php(155): CWebApplication->processRequest()
#12 /home/alex/projects/raise/webapp/index.php(13): CApplication->run()
#13 {main} REQUEST_URI=/projects/raise/webapp/index.php?r=location/create
2011/04/22 14:08:50 [error] [exception.CHttpException.404] exception 'CHttpException' with message 'The requested company does not exists' in /home/alex/projects/raise/webapp/protected/controllers/LocationController.php:206
Stack trace:
#0 /home/alex/projects/raise/webapp/protected/controllers/LocationController.php(193): LocationController->loadCompany(NULL)
#1 /home/alex/projects/yii/framework/web/filters/CInlineFilter.php(59): LocationController->filterCompanyContext(Object(CFilterChain))
#2 /home/alex/projects/yii/framework/web/filters/CFilterChain.php(130): CInlineFilter->filter(Object(CFilterChain))
#3 /home/alex/projects/yii/framework/web/filters/CFilter.php(41): CFilterChain->run()
#4 /home/alex/projects/yii/framework/web/CController.php(1122): CFilter->filter(Object(CFilterChain))
#5 /home/alex/projects/yii/framework/web/filters/CInlineFilter.php(59): CController->filterAccessControl(Object(CFilterChain))
#6 /home/alex/projects/yii/framework/web/filters/CFilterChain.php(130): CInlineFilter->filter(Object(CFilterChain))
#7 /home/alex/projects/yii/framework/web/CController.php(283): CFilterChain->run()
#8 /home/alex/projects/yii/framework/web/CController.php(257): CController->runActionWithFilters(Object(CInlineAction), Array)
#9 /home/alex/projects/yii/framework/web/CWebApplication.php(328): CController->run('create')
#10 /home/alex/projects/yii/framework/web/CWebApplication.php(121): CWebApplication->runController('location/create')
#11 /home/alex/projects/yii/framework/base/CApplication.php(155): CWebApplication->processRequest()
#12 /home/alex/projects/raise/webapp/index.php(13): CApplication->run()
#13 {main} REQUEST_URI=/projects/raise/webapp/index.php?r=location/create
2011/04/22 14:08:56 [error] [exception.CHttpException.404] exception 'CHttpException' with message 'The requested company does not exists' in /home/alex/projects/raise/webapp/protected/controllers/LocationController.php:206
Stack trace:
#0 /home/alex/projects/raise/webapp/protected/controllers/LocationController.php(193): LocationController->loadCompany(NULL)
#1 /home/alex/projects/yii/framework/web/filters/CInlineFilter.php(59): LocationController->filterCompanyContext(Object(CFilterChain))
#2 /home/alex/projects/yii/framework/web/filters/CFilterChain.php(130): CInlineFilter->filter(Object(CFilterChain))
#3 /home/alex/projects/yii/framework/web/filters/CFilter.php(41): CFilterChain->run()
#4 /home/alex/projects/yii/framework/web/CController.php(1122): CFilter->filter(Object(CFilterChain))
#5 /home/alex/projects/yii/framework/web/filters/CInlineFilter.php(59): CController->filterAccessControl(Object(CFilterChain))
#6 /home/alex/projects/yii/framework/web/filters/CFilterChain.php(130): CInlineFilter->filter(Object(CFilterChain))
#7 /home/alex/projects/yii/framework/web/CController.php(283): CFilterChain->run()
#8 /home/alex/projects/yii/framework/web/CController.php(257): CController->runActionWithFilters(Object(CInlineAction), Array)
#9 /home/alex/projects/yii/framework/web/CWebApplication.php(328): CController->run('create')
#10 /home/alex/projects/yii/framework/web/CWebApplication.php(121): CWebApplication->runController('location/create')
#11 /home/alex/projects/yii/framework/base/CApplication.php(155): CWebApplication->processRequest()
#12 /home/alex/projects/raise/webapp/index.php(13): CApplication->run()
#13 {main} REQUEST_URI=/projects/raise/webapp/index.php?r=location/create
2011/04/22 14:10:30 [error] [exception.CHttpException.404] exception 'CHttpException' with message 'The requested company does not exists' in /home/alex/projects/raise/webapp/protected/controllers/LocationController.php:206
Stack trace:
#0 /home/alex/projects/raise/webapp/protected/controllers/LocationController.php(193): LocationController->loadCompany(NULL)
#1 /home/alex/projects/yii/framework/web/filters/CInlineFilter.php(59): LocationController->filterCompanyContext(Object(CFilterChain))
#2 /home/alex/projects/yii/framework/web/filters/CFilterChain.php(130): CInlineFilter->filter(Object(CFilterChain))
#3 /home/alex/projects/yii/framework/web/filters/CFilter.php(41): CFilterChain->run()
#4 /home/alex/projects/yii/framework/web/CController.php(1122): CFilter->filter(Object(CFilterChain))
#5 /home/alex/projects/yii/framework/web/filters/CInlineFilter.php(59): CController->filterAccessControl(Object(CFilterChain))
#6 /home/alex/projects/yii/framework/web/filters/CFilterChain.php(130): CInlineFilter->filter(Object(CFilterChain))
#7 /home/alex/projects/yii/framework/web/CController.php(283): CFilterChain->run()
#8 /home/alex/projects/yii/framework/web/CController.php(257): CController->runActionWithFilters(Object(CInlineAction), Array)
#9 /home/alex/projects/yii/framework/web/CWebApplication.php(328): CController->run('create')
#10 /home/alex/projects/yii/framework/web/CWebApplication.php(121): CWebApplication->runController('location/create')
#11 /home/alex/projects/yii/framework/base/CApplication.php(155): CWebApplication->processRequest()
#12 /home/alex/projects/raise/webapp/index.php(13): CApplication->run()
#13 {main} REQUEST_URI=/projects/raise/webapp/index.php?r=location/create
2011/04/22 14:10:52 [error] [exception.CHttpException.404] exception 'CHttpException' with message 'The requested company does not exists' in /home/alex/projects/raise/webapp/protected/controllers/LocationController.php:206
Stack trace:
#0 /home/alex/projects/raise/webapp/protected/controllers/LocationController.php(193): LocationController->loadCompany(NULL)
#1 /home/alex/projects/yii/framework/web/filters/CInlineFilter.php(59): LocationController->filterCompanyContext(Object(CFilterChain))
#2 /home/alex/projects/yii/framework/web/filters/CFilterChain.php(130): CInlineFilter->filter(Object(CFilterChain))
#3 /home/alex/projects/yii/framework/web/filters/CFilter.php(41): CFilterChain->run()
#4 /home/alex/projects/yii/framework/web/CController.php(1122): CFilter->filter(Object(CFilterChain))
#5 /home/alex/projects/yii/framework/web/filters/CInlineFilter.php(59): CController->filterAccessControl(Object(CFilterChain))
#6 /home/alex/projects/yii/framework/web/filters/CFilterChain.php(130): CInlineFilter->filter(Object(CFilterChain))
#7 /home/alex/projects/yii/framework/web/CController.php(283): CFilterChain->run()
#8 /home/alex/projects/yii/framework/web/CController.php(257): CController->runActionWithFilters(Object(CInlineAction), Array)
#9 /home/alex/projects/yii/framework/web/CWebApplication.php(328): CController->run('create')
#10 /home/alex/projects/yii/framework/web/CWebApplication.php(121): CWebApplication->runController('location/create')
#11 /home/alex/projects/yii/framework/base/CApplication.php(155): CWebApplication->processRequest()
#12 /home/alex/projects/raise/webapp/index.php(13): CApplication->run()
#13 {main} REQUEST_URI=/projects/raise/webapp/index.php?r=location/create
2011/04/22 14:13:17 [error] [exception.CHttpException.404] exception 'CHttpException' with message 'The requested company does not exists' in /home/alex/projects/raise/webapp/protected/controllers/LocationController.php:206
Stack trace:
#0 /home/alex/projects/raise/webapp/protected/controllers/LocationController.php(193): LocationController->loadCompany(NULL)
#1 /home/alex/projects/yii/framework/web/filters/CInlineFilter.php(59): LocationController->filterCompanyContext(Object(CFilterChain))
#2 /home/alex/projects/yii/framework/web/filters/CFilterChain.php(130): CInlineFilter->filter(Object(CFilterChain))
#3 /home/alex/projects/yii/framework/web/filters/CFilter.php(41): CFilterChain->run()
#4 /home/alex/projects/yii/framework/web/CController.php(1122): CFilter->filter(Object(CFilterChain))
#5 /home/alex/projects/yii/framework/web/filters/CInlineFilter.php(59): CController->filterAccessControl(Object(CFilterChain))
#6 /home/alex/projects/yii/framework/web/filters/CFilterChain.php(130): CInlineFilter->filter(Object(CFilterChain))
#7 /home/alex/projects/yii/framework/web/CController.php(283): CFilterChain->run()
#8 /home/alex/projects/yii/framework/web/CController.php(257): CController->runActionWithFilters(Object(CInlineAction), Array)
#9 /home/alex/projects/yii/framework/web/CWebApplication.php(328): CController->run('create')
#10 /home/alex/projects/yii/framework/web/CWebApplication.php(121): CWebApplication->runController('location/create')
#11 /home/alex/projects/yii/framework/base/CApplication.php(155): CWebApplication->processRequest()
#12 /home/alex/projects/raise/webapp/index.php(13): CApplication->run()
#13 {main} REQUEST_URI=/projects/raise/webapp/index.php?r=location/create
2011/04/22 14:15:02 [error] [exception.CException] exception 'CException' with message 'Property "Location.company_id" is not defined.' in /home/alex/projects/yii/framework/base/CComponent.php:173
Stack trace:
#0 /home/alex/projects/yii/framework/db/ar/CActiveRecord.php(144): CComponent->__set('company_id', '3')
#1 /home/alex/projects/raise/webapp/protected/controllers/LocationController.php(70): CActiveRecord->__set('company_id', '3')
#2 /home/alex/projects/yii/framework/web/actions/CInlineAction.php(50): LocationController->actionCreate()
#3 /home/alex/projects/yii/framework/web/CController.php(300): CInlineAction->runWithParams(Array)
#4 /home/alex/projects/yii/framework/web/filters/CFilterChain.php(133): CController->runAction(Object(CInlineAction))
#5 /home/alex/projects/raise/webapp/protected/controllers/LocationController.php(196): CFilterChain->run()
#6 /home/alex/projects/yii/framework/web/filters/CInlineFilter.php(59): LocationController->filterCompanyContext(Object(CFilterChain))
#7 /home/alex/projects/yii/framework/web/filters/CFilterChain.php(130): CInlineFilter->filter(Object(CFilterChain))
#8 /home/alex/projects/yii/framework/web/filters/CFilter.php(41): CFilterChain->run()
#9 /home/alex/projects/yii/framework/web/CController.php(1122): CFilter->filter(Object(CFilterChain))
#10 /home/alex/projects/yii/framework/web/filters/CInlineFilter.php(59): CController->filterAccessControl(Object(CFilterChain))
#11 /home/alex/projects/yii/framework/web/filters/CFilterChain.php(130): CInlineFilter->filter(Object(CFilterChain))
#12 /home/alex/projects/yii/framework/web/CController.php(283): CFilterChain->run()
#13 /home/alex/projects/yii/framework/web/CController.php(257): CController->runActionWithFilters(Object(CInlineAction), Array)
#14 /home/alex/projects/yii/framework/web/CWebApplication.php(328): CController->run('create')
#15 /home/alex/projects/yii/framework/web/CWebApplication.php(121): CWebApplication->runController('location/create')
#16 /home/alex/projects/yii/framework/base/CApplication.php(155): CWebApplication->processRequest()
#17 /home/alex/projects/raise/webapp/index.php(13): CApplication->run()
#18 {main} REQUEST_URI=/projects/raise/webapp/index.php?r=location/create&cid=3
2011/04/22 16:00:22 [error] [exception.CException] exception 'CException' with message 'Property "UserIdentity.user_name" is not defined.' in /home/alex/projects/yii/framework/base/CComponent.php:131
Stack trace:
#0 /home/alex/projects/raise/webapp/protected/components/UserIdentity.php(13): CComponent->__get('user_name')
#1 /home/alex/projects/raise/webapp/protected/models/LoginForm.php(52): UserIdentity->authenticate()
#2 /home/alex/projects/yii/framework/validators/CInlineValidator.php(39): LoginForm->authenticate('password', Array)
#3 /home/alex/projects/yii/framework/validators/CValidator.php(192): CInlineValidator->validateAttribute(Object(LoginForm), 'password')
#4 /home/alex/projects/yii/framework/base/CModel.php(152): CValidator->validate(Object(LoginForm), NULL)
#5 /home/alex/projects/raise/webapp/protected/controllers/SiteController.php(88): CModel->validate()
#6 /home/alex/projects/yii/framework/web/actions/CInlineAction.php(50): SiteController->actionLogin()
#7 /home/alex/projects/yii/framework/web/CController.php(300): CInlineAction->runWithParams(Array)
#8 /home/alex/projects/yii/framework/web/CController.php(278): CController->runAction(Object(CInlineAction))
#9 /home/alex/projects/yii/framework/web/CController.php(257): CController->runActionWithFilters(Object(CInlineAction), Array)
#10 /home/alex/projects/yii/framework/web/CWebApplication.php(328): CController->run('login')
#11 /home/alex/projects/yii/framework/web/CWebApplication.php(121): CWebApplication->runController('site/login')
#12 /home/alex/projects/yii/framework/base/CApplication.php(155): CWebApplication->processRequest()
#13 /home/alex/projects/raise/webapp/index.php(13): CApplication->run()
#14 {main} REQUEST_URI=/projects/raise/webapp/index.php?r=site/login
2011/04/22 16:12:27 [error] [exception.CException] exception 'CException' with message 'Property "User.pass" is not defined.' in /home/alex/projects/yii/framework/base/CComponent.php:131
Stack trace:
#0 /home/alex/projects/yii/framework/db/ar/CActiveRecord.php(128): CComponent->__get('pass')
#1 /home/alex/projects/raise/webapp/protected/components/UserIdentity.php(23): CActiveRecord->__get('pass')
#2 /home/alex/projects/raise/webapp/protected/models/LoginForm.php(52): UserIdentity->authenticate()
#3 /home/alex/projects/yii/framework/validators/CInlineValidator.php(39): LoginForm->authenticate('password', Array)
#4 /home/alex/projects/yii/framework/validators/CValidator.php(192): CInlineValidator->validateAttribute(Object(LoginForm), 'password')
#5 /home/alex/projects/yii/framework/base/CModel.php(152): CValidator->validate(Object(LoginForm), NULL)
#6 /home/alex/projects/raise/webapp/protected/controllers/SiteController.php(88): CModel->validate()
#7 /home/alex/projects/yii/framework/web/actions/CInlineAction.php(50): SiteController->actionLogin()
#8 /home/alex/projects/yii/framework/web/CController.php(300): CInlineAction->runWithParams(Array)
#9 /home/alex/projects/yii/framework/web/CController.php(278): CController->runAction(Object(CInlineAction))
#10 /home/alex/projects/yii/framework/web/CController.php(257): CController->runActionWithFilters(Object(CInlineAction), Array)
#11 /home/alex/projects/yii/framework/web/CWebApplication.php(328): CController->run('login')
#12 /home/alex/projects/yii/framework/web/CWebApplication.php(121): CWebApplication->runController('site/login')
#13 /home/alex/projects/yii/framework/base/CApplication.php(155): CWebApplication->processRequest()
#14 /home/alex/projects/raise/webapp/index.php(13): CApplication->run()
#15 {main} REQUEST_URI=/projects/raise/webapp/index.php?r=site/login
2011/04/22 16:13:06 [error] [exception.CException] exception 'CException' with message 'Property "User.pass" is not defined.' in /home/alex/projects/yii/framework/base/CComponent.php:131
Stack trace:
#0 /home/alex/projects/yii/framework/db/ar/CActiveRecord.php(128): CComponent->__get('pass')
#1 /home/alex/projects/raise/webapp/protected/components/UserIdentity.php(24): CActiveRecord->__get('pass')
#2 /home/alex/projects/raise/webapp/protected/models/LoginForm.php(52): UserIdentity->authenticate()
#3 /home/alex/projects/yii/framework/validators/CInlineValidator.php(39): LoginForm->authenticate('password', Array)
#4 /home/alex/projects/yii/framework/validators/CValidator.php(192): CInlineValidator->validateAttribute(Object(LoginForm), 'password')
#5 /home/alex/projects/yii/framework/base/CModel.php(152): CValidator->validate(Object(LoginForm), NULL)
#6 /home/alex/projects/raise/webapp/protected/controllers/SiteController.php(88): CModel->validate()
#7 /home/alex/projects/yii/framework/web/actions/CInlineAction.php(50): SiteController->actionLogin()
#8 /home/alex/projects/yii/framework/web/CController.php(300): CInlineAction->runWithParams(Array)
#9 /home/alex/projects/yii/framework/web/CController.php(278): CController->runAction(Object(CInlineAction))
#10 /home/alex/projects/yii/framework/web/CController.php(257): CController->runActionWithFilters(Object(CInlineAction), Array)
#11 /home/alex/projects/yii/framework/web/CWebApplication.php(328): CController->run('login')
#12 /home/alex/projects/yii/framework/web/CWebApplication.php(121): CWebApplication->runController('site/login')
#13 /home/alex/projects/yii/framework/base/CApplication.php(155): CWebApplication->processRequest()
#14 /home/alex/projects/raise/webapp/index.php(13): CApplication->run()
#15 {main} REQUEST_URI=/projects/raise/webapp/index.php?r=site/login
2011/04/22 16:16:17 [error] [exception.CDbException] exception 'CDbException' with message 'Table "tbl_user" does not have a column named "username".' in /home/alex/projects/yii/framework/db/schema/CDbCommandBuilder.php:568
Stack trace:
#0 /home/alex/projects/yii/framework/db/ar/CActiveRecord.php(1428): CDbCommandBuilder->createColumnCriteria(Object(CMysqlTableSchema), Array, '', Array, '`t`.')
#1 /home/alex/projects/raise/webapp/protected/components/UserIdentity.php(25): CActiveRecord->findByAttributes(Array)
#2 /home/alex/projects/raise/webapp/protected/models/LoginForm.php(52): UserIdentity->authenticate()
#3 /home/alex/projects/yii/framework/validators/CInlineValidator.php(39): LoginForm->authenticate('password', Array)
#4 /home/alex/projects/yii/framework/validators/CValidator.php(192): CInlineValidator->validateAttribute(Object(LoginForm), 'password')
#5 /home/alex/projects/yii/framework/base/CModel.php(152): CValidator->validate(Object(LoginForm), NULL)
#6 /home/alex/projects/raise/webapp/protected/controllers/SiteController.php(88): CModel->validate()
#7 /home/alex/projects/yii/framework/web/actions/CInlineAction.php(50): SiteController->actionLogin()
#8 /home/alex/projects/yii/framework/web/CController.php(300): CInlineAction->runWithParams(Array)
#9 /home/alex/projects/yii/framework/web/CController.php(278): CController->runAction(Object(CInlineAction))
#10 /home/alex/projects/yii/framework/web/CController.php(257): CController->runActionWithFilters(Object(CInlineAction), Array)
#11 /home/alex/projects/yii/framework/web/CWebApplication.php(328): CController->run('login')
#12 /home/alex/projects/yii/framework/web/CWebApplication.php(121): CWebApplication->runController('site/login')
#13 /home/alex/projects/yii/framework/base/CApplication.php(155): CWebApplication->processRequest()
#14 /home/alex/projects/raise/webapp/index.php(13): CApplication->run()
#15 {main} REQUEST_URI=/projects/raise/webapp/index.php?r=site/login
2011/04/22 16:18:16 [error] [exception.CException] exception 'CException' with message 'Property "User.pass" is not defined.' in /home/alex/projects/yii/framework/base/CComponent.php:131
Stack trace:
#0 /home/alex/projects/yii/framework/db/ar/CActiveRecord.php(128): CComponent->__get('pass')
#1 /home/alex/projects/raise/webapp/protected/components/UserIdentity.php(35): CActiveRecord->__get('pass')
#2 /home/alex/projects/raise/webapp/protected/models/LoginForm.php(52): UserIdentity->authenticate()
#3 /home/alex/projects/yii/framework/validators/CInlineValidator.php(39): LoginForm->authenticate('password', Array)
#4 /home/alex/projects/yii/framework/validators/CValidator.php(192): CInlineValidator->validateAttribute(Object(LoginForm), 'password')
#5 /home/alex/projects/yii/framework/base/CModel.php(152): CValidator->validate(Object(LoginForm), NULL)
#6 /home/alex/projects/raise/webapp/protected/controllers/SiteController.php(88): CModel->validate()
#7 /home/alex/projects/yii/framework/web/actions/CInlineAction.php(50): SiteController->actionLogin()
#8 /home/alex/projects/yii/framework/web/CController.php(300): CInlineAction->runWithParams(Array)
#9 /home/alex/projects/yii/framework/web/CController.php(278): CController->runAction(Object(CInlineAction))
#10 /home/alex/projects/yii/framework/web/CController.php(257): CController->runActionWithFilters(Object(CInlineAction), Array)
#11 /home/alex/projects/yii/framework/web/CWebApplication.php(328): CController->run('login')
#12 /home/alex/projects/yii/framework/web/CWebApplication.php(121): CWebApplication->runController('site/login')
#13 /home/alex/projects/yii/framework/base/CApplication.php(155): CWebApplication->processRequest()
#14 /home/alex/projects/raise/webapp/index.php(13): CApplication->run()
#15 {main} REQUEST_URI=/projects/raise/webapp/index.php?r=site/login
2011/04/22 16:24:04 [error] [exception.CException] exception 'CException' with message 'Property "User.pass" is not defined.' in /home/alex/projects/yii/framework/base/CComponent.php:131
Stack trace:
#0 /home/alex/projects/yii/framework/db/ar/CActiveRecord.php(128): CComponent->__get('pass')
#1 /home/alex/projects/raise/webapp/protected/components/UserIdentity.php(28): CActiveRecord->__get('pass')
#2 /home/alex/projects/raise/webapp/protected/models/LoginForm.php(52): UserIdentity->authenticate()
#3 /home/alex/projects/yii/framework/validators/CInlineValidator.php(39): LoginForm->authenticate('password', Array)
#4 /home/alex/projects/yii/framework/validators/CValidator.php(192): CInlineValidator->validateAttribute(Object(LoginForm), 'password')
#5 /home/alex/projects/yii/framework/base/CModel.php(152): CValidator->validate(Object(LoginForm), NULL)
#6 /home/alex/projects/raise/webapp/protected/controllers/SiteController.php(88): CModel->validate()
#7 /home/alex/projects/yii/framework/web/actions/CInlineAction.php(50): SiteController->actionLogin()
#8 /home/alex/projects/yii/framework/web/CController.php(300): CInlineAction->runWithParams(Array)
#9 /home/alex/projects/yii/framework/web/CController.php(278): CController->runAction(Object(CInlineAction))
#10 /home/alex/projects/yii/framework/web/CController.php(257): CController->runActionWithFilters(Object(CInlineAction), Array)
#11 /home/alex/projects/yii/framework/web/CWebApplication.php(328): CController->run('login')
#12 /home/alex/projects/yii/framework/web/CWebApplication.php(121): CWebApplication->runController('site/login')
#13 /home/alex/projects/yii/framework/base/CApplication.php(155): CWebApplication->processRequest()
#14 /home/alex/projects/raise/webapp/index.php(13): CApplication->run()
#15 {main} REQUEST_URI=/projects/raise/webapp/index.php?r=site/login
2011/04/22 19:32:19 [error] [exception.CException] exception 'CException' with message 'CompanyController cannot find the requested view "_locations".' in /home/alex/projects/yii/framework/web/CController.php:875
Stack trace:
#0 /home/alex/projects/raise/webapp/protected/views/company/view.php(37): CController->renderPartial('_locations', Array)
#1 /home/alex/projects/yii/framework/web/CBaseController.php(119): require('/home/alex/proj...')
#2 /home/alex/projects/yii/framework/web/CBaseController.php(88): CBaseController->renderInternal('/home/alex/proj...', Array, true)
#3 /home/alex/projects/yii/framework/web/CController.php(866): CBaseController->renderFile('/home/alex/proj...', Array, true)
#4 /home/alex/projects/yii/framework/web/CController.php(779): CController->renderPartial('view', Array, true)
#5 /home/alex/projects/raise/webapp/protected/controllers/CompanyController.php(55): CController->render('view', Array)
#6 [internal function]: CompanyController->actionView('3')
#7 /home/alex/projects/yii/framework/web/actions/CAction.php(104): ReflectionMethod->invokeArgs(Object(CompanyController), Array)
#8 /home/alex/projects/yii/framework/web/actions/CInlineAction.php(48): CAction->runWithParamsInternal(Object(CompanyController), Object(ReflectionMethod), Array)
#9 /home/alex/projects/yii/framework/web/CController.php(300): CInlineAction->runWithParams(Array)
#10 /home/alex/projects/yii/framework/web/filters/CFilterChain.php(133): CController->runAction(Object(CInlineAction))
#11 /home/alex/projects/yii/framework/web/filters/CFilter.php(41): CFilterChain->run()
#12 /home/alex/projects/yii/framework/web/CController.php(1122): CFilter->filter(Object(CFilterChain))
#13 /home/alex/projects/yii/framework/web/filters/CInlineFilter.php(59): CController->filterAccessControl(Object(CFilterChain))
#14 /home/alex/projects/yii/framework/web/filters/CFilterChain.php(130): CInlineFilter->filter(Object(CFilterChain))
#15 /home/alex/projects/yii/framework/web/CController.php(283): CFilterChain->run()
#16 /home/alex/projects/yii/framework/web/CController.php(257): CController->runActionWithFilters(Object(CInlineAction), Array)
#17 /home/alex/projects/yii/framework/web/CWebApplication.php(328): CController->run('view')
#18 /home/alex/projects/yii/framework/web/CWebApplication.php(121): CWebApplication->runController('company/view')
#19 /home/alex/projects/yii/framework/base/CApplication.php(155): CWebApplication->processRequest()
#20 /home/alex/projects/raise/webapp/index.php(13): CApplication->run()
#21 {main} REQUEST_URI=/projects/raise/webapp/index.php?r=company/view&id=3
2011/04/22 19:42:57 [error] [exception.CException] exception 'CException' with message 'CompanyController cannot find the requested view "_locations".' in /home/alex/projects/yii/framework/web/CController.php:875
Stack trace:
#0 /home/alex/projects/raise/webapp/protected/views/company/view.php(37): CController->renderPartial('_locations', Array)
#1 /home/alex/projects/yii/framework/web/CBaseController.php(119): require('/home/alex/proj...')
#2 /home/alex/projects/yii/framework/web/CBaseController.php(88): CBaseController->renderInternal('/home/alex/proj...', Array, true)
#3 /home/alex/projects/yii/framework/web/CController.php(866): CBaseController->renderFile('/home/alex/proj...', Array, true)
#4 /home/alex/projects/yii/framework/web/CController.php(779): CController->renderPartial('view', Array, true)
#5 /home/alex/projects/raise/webapp/protected/controllers/CompanyController.php(55): CController->render('view', Array)
#6 [internal function]: CompanyController->actionView('3')
#7 /home/alex/projects/yii/framework/web/actions/CAction.php(104): ReflectionMethod->invokeArgs(Object(CompanyController), Array)
#8 /home/alex/projects/yii/framework/web/actions/CInlineAction.php(48): CAction->runWithParamsInternal(Object(CompanyController), Object(ReflectionMethod), Array)
#9 /home/alex/projects/yii/framework/web/CController.php(300): CInlineAction->runWithParams(Array)
#10 /home/alex/projects/yii/framework/web/filters/CFilterChain.php(133): CController->runAction(Object(CInlineAction))
#11 /home/alex/projects/yii/framework/web/filters/CFilter.php(41): CFilterChain->run()
#12 /home/alex/projects/yii/framework/web/CController.php(1122): CFilter->filter(Object(CFilterChain))
#13 /home/alex/projects/yii/framework/web/filters/CInlineFilter.php(59): CController->filterAccessControl(Object(CFilterChain))
#14 /home/alex/projects/yii/framework/web/filters/CFilterChain.php(130): CInlineFilter->filter(Object(CFilterChain))
#15 /home/alex/projects/yii/framework/web/CController.php(283): CFilterChain->run()
#16 /home/alex/projects/yii/framework/web/CController.php(257): CController->runActionWithFilters(Object(CInlineAction), Array)
#17 /home/alex/projects/yii/framework/web/CWebApplication.php(328): CController->run('view')
#18 /home/alex/projects/yii/framework/web/CWebApplication.php(121): CWebApplication->runController('company/view')
#19 /home/alex/projects/yii/framework/base/CApplication.php(155): CWebApplication->processRequest()
#20 /home/alex/projects/raise/webapp/index.php(13): CApplication->run()
#21 {main} REQUEST_URI=/projects/raise/webapp/index.php?r=company/view&id=3
2011/04/22 19:44:48 [error] [exception.CException] exception 'CException' with message 'CompanyController cannot find the requested view "_locations".' in /home/alex/projects/yii/framework/web/CController.php:875
Stack trace:
#0 /home/alex/projects/raise/webapp/protected/views/company/view.php(37): CController->renderPartial('_locations', Array)
#1 /home/alex/projects/yii/framework/web/CBaseController.php(119): require('/home/alex/proj...')
#2 /home/alex/projects/yii/framework/web/CBaseController.php(88): CBaseController->renderInternal('/home/alex/proj...', Array, true)
#3 /home/alex/projects/yii/framework/web/CController.php(866): CBaseController->renderFile('/home/alex/proj...', Array, true)
#4 /home/alex/projects/yii/framework/web/CController.php(779): CController->renderPartial('view', Array, true)
#5 /home/alex/projects/raise/webapp/protected/controllers/CompanyController.php(55): CController->render('view', Array)
#6 [internal function]: CompanyController->actionView('3')
#7 /home/alex/projects/yii/framework/web/actions/CAction.php(104): ReflectionMethod->invokeArgs(Object(CompanyController), Array)
#8 /home/alex/projects/yii/framework/web/actions/CInlineAction.php(48): CAction->runWithParamsInternal(Object(CompanyController), Object(ReflectionMethod), Array)
#9 /home/alex/projects/yii/framework/web/CController.php(300): CInlineAction->runWithParams(Array)
#10 /home/alex/projects/yii/framework/web/filters/CFilterChain.php(133): CController->runAction(Object(CInlineAction))
#11 /home/alex/projects/yii/framework/web/filters/CFilter.php(41): CFilterChain->run()
#12 /home/alex/projects/yii/framework/web/CController.php(1122): CFilter->filter(Object(CFilterChain))
#13 /home/alex/projects/yii/framework/web/filters/CInlineFilter.php(59): CController->filterAccessControl(Object(CFilterChain))
#14 /home/alex/projects/yii/framework/web/filters/CFilterChain.php(130): CInlineFilter->filter(Object(CFilterChain))
#15 /home/alex/projects/yii/framework/web/CController.php(283): CFilterChain->run()
#16 /home/alex/projects/yii/framework/web/CController.php(257): CController->runActionWithFilters(Object(CInlineAction), Array)
#17 /home/alex/projects/yii/framework/web/CWebApplication.php(328): CController->run('view')
#18 /home/alex/projects/yii/framework/web/CWebApplication.php(121): CWebApplication->runController('company/view')
#19 /home/alex/projects/yii/framework/base/CApplication.php(155): CWebApplication->processRequest()
#20 /home/alex/projects/raise/webapp/index.php(13): CApplication->run()
#21 {main} REQUEST_URI=/projects/raise/webapp/index.php?r=company/view&id=3
2011/04/22 19:44:50 [error] [exception.CException] exception 'CException' with message 'CompanyController cannot find the requested view "_locations".' in /home/alex/projects/yii/framework/web/CController.php:875
Stack trace:
#0 /home/alex/projects/raise/webapp/protected/views/company/view.php(37): CController->renderPartial('_locations', Array)
#1 /home/alex/projects/yii/framework/web/CBaseController.php(119): require('/home/alex/proj...')
#2 /home/alex/projects/yii/framework/web/CBaseController.php(88): CBaseController->renderInternal('/home/alex/proj...', Array, true)
#3 /home/alex/projects/yii/framework/web/CController.php(866): CBaseController->renderFile('/home/alex/proj...', Array, true)
#4 /home/alex/projects/yii/framework/web/CController.php(779): CController->renderPartial('view', Array, true)
#5 /home/alex/projects/raise/webapp/protected/controllers/CompanyController.php(55): CController->render('view', Array)
#6 [internal function]: CompanyController->actionView('3')
#7 /home/alex/projects/yii/framework/web/actions/CAction.php(104): ReflectionMethod->invokeArgs(Object(CompanyController), Array)
#8 /home/alex/projects/yii/framework/web/actions/CInlineAction.php(48): CAction->runWithParamsInternal(Object(CompanyController), Object(ReflectionMethod), Array)
#9 /home/alex/projects/yii/framework/web/CController.php(300): CInlineAction->runWithParams(Array)
#10 /home/alex/projects/yii/framework/web/filters/CFilterChain.php(133): CController->runAction(Object(CInlineAction))
#11 /home/alex/projects/yii/framework/web/filters/CFilter.php(41): CFilterChain->run()
#12 /home/alex/projects/yii/framework/web/CController.php(1122): CFilter->filter(Object(CFilterChain))
#13 /home/alex/projects/yii/framework/web/filters/CInlineFilter.php(59): CController->filterAccessControl(Object(CFilterChain))
#14 /home/alex/projects/yii/framework/web/filters/CFilterChain.php(130): CInlineFilter->filter(Object(CFilterChain))
#15 /home/alex/projects/yii/framework/web/CController.php(283): CFilterChain->run()
#16 /home/alex/projects/yii/framework/web/CController.php(257): CController->runActionWithFilters(Object(CInlineAction), Array)
#17 /home/alex/projects/yii/framework/web/CWebApplication.php(328): CController->run('view')
#18 /home/alex/projects/yii/framework/web/CWebApplication.php(121): CWebApplication->runController('company/view')
#19 /home/alex/projects/yii/framework/base/CApplication.php(155): CWebApplication->processRequest()
#20 /home/alex/projects/raise/webapp/index.php(13): CApplication->run()
#21 {main} REQUEST_URI=/projects/raise/webapp/index.php?r=company/view&id=3
2011/04/22 19:47:41 [error] [exception.CException] exception 'CException' with message 'CompanyController cannot find the requested view "_locations".' in /home/alex/projects/yii/framework/web/CController.php:875
Stack trace:
#0 /home/alex/projects/raise/webapp/protected/views/company/view.php(37): CController->renderPartial('_locations', Array)
#1 /home/alex/projects/yii/framework/web/CBaseController.php(119): require('/home/alex/proj...')
#2 /home/alex/projects/yii/framework/web/CBaseController.php(88): CBaseController->renderInternal('/home/alex/proj...', Array, true)
#3 /home/alex/projects/yii/framework/web/CController.php(866): CBaseController->renderFile('/home/alex/proj...', Array, true)
#4 /home/alex/projects/yii/framework/web/CController.php(779): CController->renderPartial('view', Array, true)
#5 /home/alex/projects/raise/webapp/protected/controllers/CompanyController.php(55): CController->render('view', Array)
#6 [internal function]: CompanyController->actionView('3')
#7 /home/alex/projects/yii/framework/web/actions/CAction.php(104): ReflectionMethod->invokeArgs(Object(CompanyController), Array)
#8 /home/alex/projects/yii/framework/web/actions/CInlineAction.php(48): CAction->runWithParamsInternal(Object(CompanyController), Object(ReflectionMethod), Array)
#9 /home/alex/projects/yii/framework/web/CController.php(300): CInlineAction->runWithParams(Array)
#10 /home/alex/projects/yii/framework/web/filters/CFilterChain.php(133): CController->runAction(Object(CInlineAction))
#11 /home/alex/projects/yii/framework/web/filters/CFilter.php(41): CFilterChain->run()
#12 /home/alex/projects/yii/framework/web/CController.php(1122): CFilter->filter(Object(CFilterChain))
#13 /home/alex/projects/yii/framework/web/filters/CInlineFilter.php(59): CController->filterAccessControl(Object(CFilterChain))
#14 /home/alex/projects/yii/framework/web/filters/CFilterChain.php(130): CInlineFilter->filter(Object(CFilterChain))
#15 /home/alex/projects/yii/framework/web/CController.php(283): CFilterChain->run()
#16 /home/alex/projects/yii/framework/web/CController.php(257): CController->runActionWithFilters(Object(CInlineAction), Array)
#17 /home/alex/projects/yii/framework/web/CWebApplication.php(328): CController->run('view')
#18 /home/alex/projects/yii/framework/web/CWebApplication.php(121): CWebApplication->runController('company/view')
#19 /home/alex/projects/yii/framework/base/CApplication.php(155): CWebApplication->processRequest()
#20 /home/alex/projects/raise/webapp/index.php(13): CApplication->run()
#21 {main} REQUEST_URI=/projects/raise/webapp/index.php?r=company/view&id=3
2011/04/22 19:48:01 [error] [php] Undefined variable: comment (/home/alex/projects/raise/webapp/protected/views/company/_locations.php:8)
Stack trace:
#0 /home/alex/projects/yii/framework/web/CController.php(866): CompanyController->renderFile()
#1 /home/alex/projects/raise/webapp/protected/views/company/view.php(37): CompanyController->renderPartial()
#2 /home/alex/projects/yii/framework/web/CBaseController.php(119): require()
#3 /home/alex/projects/yii/framework/web/CBaseController.php(88): CompanyController->renderInternal()
#4 /home/alex/projects/yii/framework/web/CController.php(866): CompanyController->renderFile()
#5 /home/alex/projects/yii/framework/web/CController.php(779): CompanyController->renderPartial()
#6 /home/alex/projects/raise/webapp/protected/controllers/CompanyController.php(55): CompanyController->render()
#7 unknown(0): CompanyController->actionView()
#8 /home/alex/projects/yii/framework/web/actions/CAction.php(104): ReflectionMethod->invokeArgs()
#9 /home/alex/projects/yii/framework/web/actions/CInlineAction.php(48): CInlineAction->runWithParamsInternal()
#10 /home/alex/projects/yii/framework/web/CController.php(300): CInlineAction->runWithParams()
#11 /home/alex/projects/yii/framework/web/filters/CFilterChain.php(133): CompanyController->runAction()
#12 /home/alex/projects/yii/framework/web/filters/CFilter.php(41): CFilterChain->run()
#13 /home/alex/projects/yii/framework/web/CController.php(1122): CAccessControlFilter->filter()
#14 /home/alex/projects/yii/framework/web/filters/CInlineFilter.php(59): CompanyController->filterAccessControl()
#15 /home/alex/projects/yii/framework/web/filters/CFilterChain.php(130): CInlineFilter->filter()
#16 /home/alex/projects/yii/framework/web/CController.php(283): CFilterChain->run()
#17 /home/alex/projects/yii/framework/web/CController.php(257): CompanyController->runActionWithFilters()
#18 /home/alex/projects/yii/framework/web/CWebApplication.php(328): CompanyController->run()
#19 /home/alex/projects/yii/framework/web/CWebApplication.php(121): CWebApplication->runController()
#20 /home/alex/projects/yii/framework/base/CApplication.php(155): CWebApplication->processRequest()
#21 /home/alex/projects/raise/webapp/index.php(13): CWebApplication->run()
REQUEST_URI=/projects/raise/webapp/index.php?r=company/view&id=3
in /home/alex/projects/raise/webapp/protected/views/company/_locations.php (8)
in /home/alex/projects/raise/webapp/protected/views/company/view.php (37)
in /home/alex/projects/raise/webapp/protected/controllers/CompanyController.php (55)
