2011/04/03 13:11 -> FileHandle opened
2011/04/03 13:11 -> dump user::input:
2011/04/03 13:11 -> dump finished
2011/04/03 13:11 -> FileHandle closed
2011/04/03 13:12 -> FileHandle opened
2011/04/03 13:12 -> dump user::input:
2011/04/03 13:12 -> dump finished
2011/04/03 13:12 -> FileHandle closed
2011/04/06 17:47 -> FileHandle opened
2011/04/06 17:47 -> dump user::input:
2011/04/06 17:47 -> dump finished
2011/04/06 17:47 -> FileHandle closed
2011/04/06 18:08 -> FileHandle opened
2011/04/06 18:08 -> dump user::input:
2011/04/06 18:08 -> dump finished
2011/04/06 18:08 -> FileHandle closed
2011/04/06 18:16 -> FileHandle opened
2011/04/06 18:16 -> dump user::input:
2011/04/06 18:16 -> dump finished
2011/04/06 18:16 -> FileHandle closed
2011/04/06 18:16 -> FileHandle opened
2011/04/06 18:16 -> dump user::input:
2011/04/06 18:16 -> dump finished
2011/04/06 18:16 -> FileHandle closed
2011/04/06 18:16 -> FileHandle opened
2011/04/06 18:16 -> dump user::input:
2011/04/06 18:16 -> /raise/index.php/lala/1
2011/04/06 18:16 -> dump finished
2011/04/06 18:16 -> FileHandle closed
2011/04/06 18:19 -> FileHandle opened
2011/04/06 18:19 -> dump user::input:
2011/04/06 18:19 -> 
2011/04/06 18:19 -> raise
2011/04/06 18:19 -> index.php
2011/04/06 18:19 -> lala
2011/04/06 18:19 -> 1
2011/04/06 18:19 -> dump finished
2011/04/06 18:19 -> FileHandle closed
2011/04/06 18:20 -> FileHandle opened
2011/04/06 18:20 -> dump user::input:
2011/04/06 18:20 -> PATH]
2011/04/06 18:20 -> PATH]raise
2011/04/06 18:20 -> PATH]index.php
2011/04/06 18:20 -> PATH]lala
2011/04/06 18:20 -> PATH]1
2011/04/06 18:20 -> dump finished
2011/04/06 18:20 -> FileHandle closed
2011/04/06 20:13 -> FileHandle opened
2011/04/06 20:13 -> dump user::input:
2011/04/06 20:13 -> PATH]
2011/04/06 20:13 -> PATH]raise
2011/04/06 20:13 -> PATH]index.php
2011/04/06 20:13 -> PATH]lala
2011/04/06 20:13 -> PATH]1
2011/04/06 20:13 -> dump finished
2011/04/06 20:13 -> FileHandle closed
2011/04/06 20:15 -> FileHandle opened
2011/04/06 20:15 -> dump user::input:
2011/04/06 20:15 -> PATH]
2011/04/06 20:15 -> PATH]raise
2011/04/06 20:15 -> PATH]index.php
2011/04/06 20:15 -> PATH]lala
2011/04/06 20:15 -> PATH]1
2011/04/06 20:15 -> dump finished
2011/04/06 20:15 -> FileHandle closed
2011/04/06 20:15 -> FileHandle opened
2011/04/06 20:15 -> dump user::input:
2011/04/06 20:15 -> PATH]
2011/04/06 20:15 -> PATH]raise
2011/04/06 20:15 -> PATH]index.php
2011/04/06 20:15 -> PATH]lala
2011/04/06 20:15 -> PATH]1
2011/04/06 20:15 -> dump finished
2011/04/06 20:15 -> FileHandle closed
2011/04/06 20:16 -> FileHandle opened
2011/04/06 20:16 -> dump user::input:
2011/04/06 20:16 -> PATH]
2011/04/06 20:16 -> PATH]raise
2011/04/06 20:16 -> PATH]index.php
2011/04/06 20:16 -> PATH]lala
2011/04/06 20:16 -> PATH]1
2011/04/06 20:16 -> dump finished
2011/04/06 20:16 -> FileHandle closed
2011/04/06 20:16 -> FileHandle opened
2011/04/06 20:16 -> dump user::input:
2011/04/06 20:16 -> PATH]
2011/04/06 20:16 -> PATH]raise
2011/04/06 20:16 -> PATH]index.php
2011/04/06 20:16 -> PATH]lala
2011/04/06 20:16 -> PATH]1
2011/04/06 20:16 -> dump finished
2011/04/06 20:16 -> FileHandle closed
2011/04/06 20:16 -> FileHandle opened
2011/04/06 20:16 -> dump user::input:
2011/04/06 20:16 -> PATH]
2011/04/06 20:16 -> PATH]raise
2011/04/06 20:16 -> PATH]index.php
2011/04/06 20:16 -> PATH]lala
2011/04/06 20:16 -> PATH]1
2011/04/06 20:16 -> dump finished
2011/04/06 20:16 -> FileHandle closed
2011/04/06 20:16 -> FileHandle opened
2011/04/06 20:16 -> dump user::input:
2011/04/06 20:16 -> PATH]
2011/04/06 20:16 -> PATH]raise
2011/04/06 20:16 -> PATH]index.php
2011/04/06 20:16 -> PATH]lala
2011/04/06 20:16 -> PATH]1
2011/04/06 20:16 -> dump finished
2011/04/06 20:16 -> FileHandle closed
2011/04/06 20:16 -> FileHandle opened
2011/04/06 20:16 -> dump user::input:
2011/04/06 20:16 -> PATH]
2011/04/06 20:16 -> PATH]raise
2011/04/06 20:16 -> PATH]index.php
2011/04/06 20:16 -> PATH]lala
2011/04/06 20:16 -> PATH]1
2011/04/06 20:16 -> dump finished
2011/04/06 20:16 -> FileHandle closed
2011/04/06 20:17 -> FileHandle opened
2011/04/06 20:17 -> dump user::input:
2011/04/06 20:17 -> PATH]
2011/04/06 20:17 -> PATH]raise
2011/04/06 20:17 -> PATH]index.php
2011/04/06 20:17 -> PATH]lala
2011/04/06 20:17 -> PATH]1
2011/04/06 20:17 -> dump finished
2011/04/06 20:17 -> FileHandle closed
2011/04/06 20:18 -> FileHandle opened
2011/04/06 20:18 -> dump user::input:
2011/04/06 20:18 -> PATH]
2011/04/06 20:18 -> PATH]raise
2011/04/06 20:18 -> PATH]index.php
2011/04/06 20:18 -> PATH]lala
2011/04/06 20:18 -> PATH]1
2011/04/06 20:18 -> dump finished
2011/04/06 20:18 -> FileHandle closed
2011/04/06 20:18 -> FileHandle opened
2011/04/06 20:18 -> dump user::input:
2011/04/06 20:18 -> PATH]
2011/04/06 20:18 -> PATH]raise
2011/04/06 20:18 -> PATH]index.php
2011/04/06 20:18 -> PATH]lala
2011/04/06 20:18 -> PATH]1
2011/04/06 20:18 -> dump finished
2011/04/06 20:18 -> FileHandle closed
2011/04/06 20:21 -> FileHandle opened
2011/04/06 20:21 -> dump user::input:
2011/04/06 20:21 -> PATH]
2011/04/06 20:21 -> PATH]raise
2011/04/06 20:21 -> PATH]index.php
2011/04/06 20:21 -> PATH]lala
2011/04/06 20:21 -> PATH]1
2011/04/06 20:21 -> dump finished
2011/04/06 20:21 -> FileHandle closed
2011/04/06 20:21 -> FileHandle opened
2011/04/06 20:21 -> dump user::input:
2011/04/06 20:21 -> PATH]
2011/04/06 20:21 -> PATH]raise
2011/04/06 20:21 -> PATH]index.php
2011/04/06 20:21 -> PATH]lala
2011/04/06 20:21 -> PATH]1
2011/04/06 20:21 -> dump finished
2011/04/06 20:21 -> FileHandle closed
2011/04/06 20:21 -> FileHandle opened
2011/04/06 20:21 -> dump user::input:
2011/04/06 20:21 -> PATH]
2011/04/06 20:21 -> PATH]raise
2011/04/06 20:21 -> PATH]index.php
2011/04/06 20:21 -> PATH]lala
2011/04/06 20:21 -> PATH]1
2011/04/06 20:21 -> dump finished
2011/04/06 20:21 -> FileHandle closed
2011/04/06 20:22 -> FileHandle opened
2011/04/06 20:22 -> dump user::input:
2011/04/06 20:22 -> PATH]
2011/04/06 20:22 -> PATH]raise
2011/04/06 20:22 -> PATH]index.php
2011/04/06 20:22 -> PATH]lala
2011/04/06 20:22 -> PATH]1
2011/04/06 20:22 -> dump finished
2011/04/06 20:22 -> FileHandle closed
2011/04/06 20:22 -> FileHandle opened
2011/04/06 20:22 -> dump user::input:
2011/04/06 20:22 -> PATH]
2011/04/06 20:22 -> PATH]raise
2011/04/06 20:22 -> PATH]index.php
2011/04/06 20:22 -> PATH]lala
2011/04/06 20:22 -> PATH]1
2011/04/06 20:22 -> dump finished
2011/04/06 20:22 -> FileHandle closed
2011/04/06 20:23 -> FileHandle opened
2011/04/06 20:23 -> dump user::input:
2011/04/06 20:23 -> PATH]
2011/04/06 20:23 -> PATH]raise
2011/04/06 20:23 -> PATH]index.php
2011/04/06 20:23 -> PATH]lala
2011/04/06 20:23 -> PATH]1
2011/04/06 20:23 -> dump finished
2011/04/06 20:23 -> FileHandle closed
2011/04/06 20:27 -> FileHandle opened
2011/04/06 20:27 -> dump user::input:
2011/04/06 20:27 -> PATH]
2011/04/06 20:27 -> PATH]raise
2011/04/06 20:27 -> PATH]index.php
2011/04/06 20:27 -> PATH]lala
2011/04/06 20:27 -> PATH]1
2011/04/06 20:27 -> dump finished
2011/04/06 20:27 -> FileHandle closed
2011/04/06 20:28 -> FileHandle opened
2011/04/06 20:28 -> dump user::input:
2011/04/06 20:28 -> PATH]
2011/04/06 20:28 -> PATH]raise
2011/04/06 20:28 -> PATH]index.php
2011/04/06 20:28 -> PATH]lala
2011/04/06 20:28 -> PATH]1
2011/04/06 20:28 -> dump finished
2011/04/06 20:28 -> FileHandle closed
2011/04/06 20:29 -> FileHandle opened
2011/04/06 20:29 -> dump user::input:
2011/04/06 20:29 -> PATH]
2011/04/06 20:29 -> PATH]raise
2011/04/06 20:29 -> PATH]index.php
2011/04/06 20:29 -> PATH]lala
2011/04/06 20:29 -> PATH]1
2011/04/06 20:29 -> dump finished
2011/04/06 20:29 -> FileHandle closed
2011/04/06 20:29 -> FileHandle opened
2011/04/06 20:29 -> dump user::input:
2011/04/06 20:29 -> PATH]
2011/04/06 20:29 -> PATH]raise
2011/04/06 20:29 -> PATH]index.php
2011/04/06 20:29 -> PATH]lala
2011/04/06 20:29 -> PATH]1
2011/04/06 20:29 -> dump finished
2011/04/06 20:29 -> FileHandle closed
2011/04/06 20:30 -> FileHandle opened
2011/04/06 20:30 -> dump user::input:
2011/04/06 20:30 -> PATH]
2011/04/06 20:30 -> PATH]raise
2011/04/06 20:30 -> PATH]index.php
2011/04/06 20:30 -> PATH]lala
2011/04/06 20:30 -> PATH]1
2011/04/06 20:30 -> dump finished
2011/04/06 20:30 -> FileHandle closed
2011/04/06 20:30 -> FileHandle opened
2011/04/06 20:30 -> dump user::input:
2011/04/06 20:30 -> PATH]
2011/04/06 20:30 -> PATH]raise
2011/04/06 20:30 -> PATH]index.php
2011/04/06 20:30 -> PATH]lala
2011/04/06 20:30 -> PATH]1
2011/04/06 20:30 -> dump finished
2011/04/06 20:30 -> FileHandle closed
2011/04/06 20:32 -> FileHandle opened
2011/04/06 20:32 -> dump user::input:
2011/04/06 20:32 -> PATH]
2011/04/06 20:32 -> PATH]raise
2011/04/06 20:32 -> PATH]index.php
2011/04/06 20:32 -> PATH]lala
2011/04/06 20:32 -> PATH]1
2011/04/06 20:32 -> dump finished
2011/04/06 20:32 -> FileHandle closed
2011/04/06 20:32 -> FileHandle opened
2011/04/06 20:32 -> dump user::input:
2011/04/06 20:32 -> PATH]
2011/04/06 20:32 -> PATH]raise
2011/04/06 20:32 -> PATH]index.php
2011/04/06 20:32 -> PATH]lala
2011/04/06 20:32 -> PATH]1
2011/04/06 20:32 -> PATH]444
2011/04/06 20:32 -> dump finished
2011/04/06 20:32 -> FileHandle closed
2011/04/06 20:32 -> FileHandle opened
2011/04/06 20:32 -> dump user::input:
2011/04/06 20:32 -> PATH]
2011/04/06 20:32 -> PATH]raise
2011/04/06 20:32 -> PATH]index.php
2011/04/06 20:32 -> PATH]lala
2011/04/06 20:32 -> dump finished
2011/04/06 20:32 -> FileHandle closed
2011/04/06 20:32 -> FileHandle opened
2011/04/06 20:32 -> dump user::input:
2011/04/06 20:32 -> PATH]
2011/04/06 20:32 -> PATH]raise
2011/04/06 20:32 -> PATH]index.php
2011/04/06 20:32 -> PATH]lala
2011/04/06 20:32 -> PATH]gggg
2011/04/06 20:32 -> PATH]dgfjdfngdf
2011/04/06 20:32 -> dump finished
2011/04/06 20:32 -> FileHandle closed
2011/04/06 20:33 -> FileHandle opened
2011/04/06 20:33 -> dump user::input:
2011/04/06 20:33 -> PATH]
2011/04/06 20:33 -> PATH]raise
2011/04/06 20:33 -> PATH]index.php
2011/04/06 20:33 -> PATH]lala
2011/04/06 20:33 -> PATH]1
2011/04/06 20:33 -> dump finished
2011/04/06 20:33 -> FileHandle closed
2011/04/06 20:33 -> FileHandle opened
2011/04/06 20:33 -> dump user::input:
2011/04/06 20:33 -> PATH]
2011/04/06 20:33 -> PATH]raise
2011/04/06 20:33 -> PATH]index.php
2011/04/06 20:33 -> PATH]lala
2011/04/06 20:33 -> PATH]1
2011/04/06 20:33 -> dump finished
2011/04/06 20:33 -> FileHandle closed
2011/04/06 20:37 -> FileHandle opened
2011/04/06 20:37 -> dump user::input:
2011/04/06 20:37 -> PATH]
2011/04/06 20:37 -> PATH]raise
2011/04/06 20:37 -> PATH]index.php
2011/04/06 20:37 -> PATH]lala
2011/04/06 20:37 -> PATH]1
2011/04/06 20:37 -> dump finished
2011/04/06 20:37 -> FileHandle closed
2011/04/06 20:37 -> FileHandle opened
2011/04/06 20:37 -> dump user::input:
2011/04/06 20:37 -> PATH]
2011/04/06 20:37 -> PATH]raise
2011/04/06 20:37 -> PATH]index.php
2011/04/06 20:37 -> PATH]profile
2011/04/06 20:37 -> PATH]1
2011/04/06 20:37 -> dump finished
2011/04/06 20:37 -> FileHandle closed
2011/04/06 20:38 -> FileHandle opened
2011/04/06 20:38 -> dump user::input:
2011/04/06 20:38 -> PATH]
2011/04/06 20:38 -> PATH]raise
2011/04/06 20:38 -> PATH]index.php
2011/04/06 20:38 -> PATH]profile
2011/04/06 20:38 -> PATH]1
2011/04/06 20:38 -> dump finished
2011/04/06 20:39 -> FileHandle opened
2011/04/06 20:39 -> dump user::input:
2011/04/06 20:39 -> PATH]
2011/04/06 20:39 -> PATH]raise
2011/04/06 20:39 -> PATH]index.php
2011/04/06 20:39 -> PATH]profile
2011/04/06 20:39 -> PATH]1
2011/04/06 20:39 -> dump finished
2011/04/06 20:41 -> FileHandle opened
2011/04/06 20:41 -> dump user::input:
2011/04/06 20:41 -> PATH]
2011/04/06 20:41 -> PATH]raise
2011/04/06 20:41 -> PATH]index.php
2011/04/06 20:41 -> PATH]profile
2011/04/06 20:41 -> PATH]1
2011/04/06 20:41 -> dump finished
2011/04/06 20:41 -> FileHandle closed
2011/04/06 20:44 -> FileHandle opened
2011/04/06 20:44 -> dump user::input:
2011/04/06 20:44 -> PATH]
2011/04/06 20:44 -> PATH]raise
2011/04/06 20:44 -> PATH]index.php
2011/04/06 20:44 -> PATH]profile
2011/04/06 20:44 -> PATH]1
2011/04/06 20:44 -> dump finished
2011/04/06 20:44 -> FileHandle closed
2011/04/06 20:56 -> FileHandle opened
2011/04/06 20:56 -> dump user::input:
2011/04/06 20:56 -> PATH]
2011/04/06 20:56 -> PATH]raise
2011/04/06 20:56 -> PATH]index.php
2011/04/06 20:56 -> PATH]profile
2011/04/06 20:56 -> PATH]1
2011/04/06 20:56 -> dump finished
2011/04/06 20:57 -> FileHandle opened
2011/04/06 20:57 -> dump user::input:
2011/04/06 20:57 -> PATH]
2011/04/06 20:57 -> PATH]raise
2011/04/06 20:57 -> PATH]index.php
2011/04/06 20:57 -> PATH]profile
2011/04/06 20:57 -> PATH]1
2011/04/06 20:57 -> dump finished
2011/04/06 20:57 -> FileHandle opened
2011/04/06 20:57 -> dump user::input:
2011/04/06 20:57 -> PATH]
2011/04/06 20:57 -> PATH]raise
2011/04/06 20:57 -> PATH]index.php
2011/04/06 20:57 -> PATH]profile
2011/04/06 20:57 -> PATH]1
2011/04/06 20:57 -> dump finished
2011/04/06 20:57 -> FileHandle opened
2011/04/06 20:57 -> dump user::input:
2011/04/06 20:57 -> PATH]
2011/04/06 20:57 -> PATH]raise
2011/04/06 20:57 -> PATH]index.php
2011/04/06 20:57 -> PATH]profile
2011/04/06 20:57 -> PATH]1
2011/04/06 20:57 -> dump finished
2011/04/06 20:57 -> FileHandle closed
2011/04/06 20:58 -> FileHandle opened
2011/04/06 20:58 -> dump user::input:
2011/04/06 20:58 -> PATH]
2011/04/06 20:58 -> PATH]raise
2011/04/06 20:58 -> PATH]index.php
2011/04/06 20:58 -> PATH]profile
2011/04/06 20:58 -> PATH]1
2011/04/06 20:58 -> dump finished
2011/04/06 20:58 -> FileHandle closed
2011/04/06 20:59 -> FileHandle opened
2011/04/06 20:59 -> dump user::input:
2011/04/06 20:59 -> PATH]
2011/04/06 20:59 -> PATH]raise
2011/04/06 20:59 -> PATH]index.php
2011/04/06 20:59 -> PATH]profile
2011/04/06 20:59 -> PATH]1
2011/04/06 20:59 -> dump finished
2011/04/06 20:59 -> FileHandle closed
2011/04/06 20:59 -> FileHandle opened
2011/04/06 20:59 -> dump user::input:
2011/04/06 20:59 -> PATH]
2011/04/06 20:59 -> PATH]raise
2011/04/06 20:59 -> PATH]index.php
2011/04/06 20:59 -> PATH]profile
2011/04/06 20:59 -> PATH]1
2011/04/06 20:59 -> dump finished
2011/04/06 20:59 -> FileHandle opened
2011/04/06 20:59 -> dump user::input:
2011/04/06 20:59 -> PATH]
2011/04/06 20:59 -> PATH]raise
2011/04/06 20:59 -> PATH]index.php
2011/04/06 20:59 -> PATH]profile
2011/04/06 20:59 -> PATH]1
2011/04/06 20:59 -> dump finished
2011/04/06 20:59 -> FileHandle closed
2011/04/06 21:00 -> FileHandle opened
2011/04/06 21:00 -> dump user::input:
2011/04/06 21:00 -> PATH]
2011/04/06 21:00 -> PATH]raise
2011/04/06 21:00 -> PATH]index.php
2011/04/06 21:00 -> PATH]profile
2011/04/06 21:00 -> PATH]1
2011/04/06 21:00 -> dump finished
2011/04/06 21:00 -> FileHandle closed
2011/04/06 21:01 -> FileHandle opened
2011/04/06 21:01 -> dump user::input:
2011/04/06 21:01 -> PATH]
2011/04/06 21:01 -> PATH]raise
2011/04/06 21:01 -> PATH]index.php
2011/04/06 21:01 -> PATH]profile
2011/04/06 21:01 -> PATH]1
2011/04/06 21:01 -> dump finished
2011/04/06 21:01 -> FileHandle opened
2011/04/06 21:01 -> dump user::input:
2011/04/06 21:01 -> PATH]
2011/04/06 21:01 -> PATH]raise
2011/04/06 21:01 -> PATH]index.php
2011/04/06 21:01 -> PATH]profile
2011/04/06 21:01 -> PATH]1
2011/04/06 21:01 -> dump finished
2011/04/06 21:01 -> FileHandle closed
2011/04/06 21:01 -> FileHandle opened
2011/04/06 21:01 -> dump user::input:
2011/04/06 21:01 -> PATH]
2011/04/06 21:01 -> PATH]raise
2011/04/06 21:01 -> PATH]index.php
2011/04/06 21:01 -> PATH]profile
2011/04/06 21:01 -> PATH]1
2011/04/06 21:01 -> dump finished
2011/04/06 21:01 -> FileHandle closed
2011/04/06 21:02 -> FileHandle opened
2011/04/06 21:02 -> dump user::input:
2011/04/06 21:02 -> PATH]
2011/04/06 21:02 -> PATH]raise
2011/04/06 21:02 -> PATH]index.php
2011/04/06 21:02 -> PATH]profile
2011/04/06 21:02 -> PATH]1
2011/04/06 21:02 -> dump finished
2011/04/06 21:02 -> FileHandle closed
2011/04/06 21:03 -> FileHandle opened
2011/04/06 21:03 -> dump user::input:
2011/04/06 21:03 -> PATH]
2011/04/06 21:03 -> PATH]raise
2011/04/06 21:03 -> PATH]index.php
2011/04/06 21:03 -> PATH]profile
2011/04/06 21:03 -> PATH]1
2011/04/06 21:03 -> dump finished
2011/04/06 21:03 -> FileHandle closed
2011/04/06 21:03 -> FileHandle opened
2011/04/06 21:03 -> dump user::input:
2011/04/06 21:03 -> PATH]
2011/04/06 21:03 -> PATH]raise
2011/04/06 21:03 -> PATH]index.php
2011/04/06 21:03 -> PATH]profile
2011/04/06 21:03 -> PATH]1
2011/04/06 21:03 -> dump finished
2011/04/06 21:03 -> FileHandle closed
2011/04/06 21:22 -> FileHandle opened
2011/04/06 21:22 -> dump user::input:
2011/04/06 21:22 -> PATH]
2011/04/06 21:22 -> PATH]raise
2011/04/06 21:22 -> PATH]index.php
2011/04/06 21:22 -> PATH]profile
2011/04/06 21:22 -> PATH]1
2011/04/06 21:22 -> dump finished
2011/04/06 21:22 -> FileHandle closed
2011/04/06 21:22 -> FileHandle opened
2011/04/06 21:22 -> dump user::input:
2011/04/06 21:22 -> PATH]
2011/04/06 21:22 -> PATH]raise
2011/04/06 21:22 -> PATH]index.php
2011/04/06 21:22 -> PATH]company
2011/04/06 21:22 -> PATH]1
2011/04/06 21:22 -> dump finished
2011/04/06 21:22 -> FileHandle closed
2011/04/06 21:22 -> FileHandle opened
2011/04/06 21:22 -> dump user::input:
2011/04/06 21:22 -> PATH]
2011/04/06 21:22 -> PATH]raise
2011/04/06 21:22 -> PATH]index.php
2011/04/06 21:22 -> PATH]company
2011/04/06 21:22 -> PATH]1
2011/04/06 21:22 -> dump finished
2011/04/06 21:22 -> FileHandle closed
